<?xml version="1.0" encoding="UTF-8"?>
<Site BuildName="(empty)"
	BuildStamp="20240824-1810-Experimental"
	Name="(empty)"
	Generator="ctest-3.30.2"
	CompilerName=""
	CompilerVersion=""
	OSName="Windows"
	Hostname="LAPTOP-8P2SMILJ"
	OSRelease=" Personal"
	OSVersion=" (Build 19045)"
	OSPlatform="AMD64"
	Is64Bits="1"
	VendorString="GenuineIntel"
	VendorID="Intel Corporation"
	FamilyID="6"
	ModelID="14"
	ProcessorCacheSize="-1"
	NumberOfLogicalCPU="12"
	NumberOfPhysicalCPU="6"
	TotalVirtualMemory="15166"
	TotalPhysicalMemory="7998"
	LogicalProcessorsPerPhysical="2"
	ProcessorClockFrequency="2591"
	>
	<Testing>
		<StartDateTime>Aug 24 23:40 India Standard Time</StartDateTime>
		<StartTestTime>1724523028</StartTestTime>
		<TestList/>
		<EndDateTime>Aug 24 23:40 India Standard Time</EndDateTime>
		<EndTestTime>1724523028</EndTestTime>
		<ElapsedMinutes>0</ElapsedMinutes>
	</Testing>
</Site>
